running egg_info
creating ../../build/groundingdino_server/groundingdino_server.egg-info
writing ../../build/groundingdino_server/groundingdino_server.egg-info/PKG-INFO
writing dependency_links to ../../build/groundingdino_server/groundingdino_server.egg-info/dependency_links.txt
writing entry points to ../../build/groundingdino_server/groundingdino_server.egg-info/entry_points.txt
writing requirements to ../../build/groundingdino_server/groundingdino_server.egg-info/requires.txt
writing top-level names to ../../build/groundingdino_server/groundingdino_server.egg-info/top_level.txt
writing manifest file '../../build/groundingdino_server/groundingdino_server.egg-info/SOURCES.txt'
reading manifest file '../../build/groundingdino_server/groundingdino_server.egg-info/SOURCES.txt'
writing manifest file '../../build/groundingdino_server/groundingdino_server.egg-info/SOURCES.txt'
running build
running build_py
creating /home/barracuda/ros2_ws3/build/groundingdino_server/build
creating /home/barracuda/ros2_ws3/build/groundingdino_server/build/lib
creating /home/barracuda/ros2_ws3/build/groundingdino_server/build/lib/groundingdino_server
copying groundingdino_server/groundingdino_server.py -> /home/barracuda/ros2_ws3/build/groundingdino_server/build/lib/groundingdino_server
copying groundingdino_server/__init__.py -> /home/barracuda/ros2_ws3/build/groundingdino_server/build/lib/groundingdino_server
running install
running install_lib
creating /home/barracuda/ros2_ws3/install/groundingdino_server/lib/python3.10/site-packages/groundingdino_server
copying /home/barracuda/ros2_ws3/build/groundingdino_server/build/lib/groundingdino_server/groundingdino_server.py -> /home/barracuda/ros2_ws3/install/groundingdino_server/lib/python3.10/site-packages/groundingdino_server
copying /home/barracuda/ros2_ws3/build/groundingdino_server/build/lib/groundingdino_server/__init__.py -> /home/barracuda/ros2_ws3/install/groundingdino_server/lib/python3.10/site-packages/groundingdino_server
byte-compiling /home/barracuda/ros2_ws3/install/groundingdino_server/lib/python3.10/site-packages/groundingdino_server/groundingdino_server.py to groundingdino_server.cpython-310.pyc
byte-compiling /home/barracuda/ros2_ws3/install/groundingdino_server/lib/python3.10/site-packages/groundingdino_server/__init__.py to __init__.cpython-310.pyc
running install_data
creating /home/barracuda/ros2_ws3/install/groundingdino_server/share/ament_index
creating /home/barracuda/ros2_ws3/install/groundingdino_server/share/ament_index/resource_index
creating /home/barracuda/ros2_ws3/install/groundingdino_server/share/ament_index/resource_index/packages
copying resource/groundingdino_server -> /home/barracuda/ros2_ws3/install/groundingdino_server/share/ament_index/resource_index/packages
copying package.xml -> /home/barracuda/ros2_ws3/install/groundingdino_server/share/groundingdino_server
creating /home/barracuda/ros2_ws3/install/groundingdino_server/share/groundingdino_server/launch
copying launch/groundingdino_svccli.launch.py -> /home/barracuda/ros2_ws3/install/groundingdino_server/share/groundingdino_server/launch
running install_egg_info
Copying ../../build/groundingdino_server/groundingdino_server.egg-info to /home/barracuda/ros2_ws3/install/groundingdino_server/lib/python3.10/site-packages/groundingdino_server-0.0.0-py3.10.egg-info
running install_scripts
Installing server_executable script to /home/barracuda/ros2_ws3/install/groundingdino_server/lib/groundingdino_server
writing list of installed files to '/home/barracuda/ros2_ws3/build/groundingdino_server/install.log'
