[0.427s] Invoking command in '/home/barracuda/ros2_ws3/src/groundingdino_server': AMENT_PREFIX_PATH=/home/barracuda/ros2_ws3/install/groundingdino_interfaces:${AMENT_PREFIX_PATH} CMAKE_PREFIX_PATH=/home/barracuda/ros2_ws3/install/groundingdino_interfaces LD_LIBRARY_PATH=/home/barracuda/ros2_ws3/install/groundingdino_interfaces/lib:${LD_LIBRARY_PATH} PYTHONPATH=/home/barracuda/ros2_ws3/build/groundingdino_server/prefix_override:/usr/lib/python3/dist-packages/colcon_core/task/python/colcon_distutils_commands:/home/barracuda/ros2_ws3/install/groundingdino_server/lib/python3.10/site-packages:/home/barracuda/ros2_ws3/install/groundingdino_interfaces/local/lib/python3.10/dist-packages:${PYTHONPATH} /usr/bin/python3 -W ignore:setup.py install is deprecated -W ignore:easy_install command is deprecated setup.py egg_info --egg-base ../../build/groundingdino_server build --build-base /home/barracuda/ros2_ws3/build/groundingdino_server/build install --record /home/barracuda/ros2_ws3/build/groundingdino_server/install.log --single-version-externally-managed install_data
[0.537s] running egg_info
[0.537s] creating ../../build/groundingdino_server/groundingdino_server.egg-info
[0.537s] writing ../../build/groundingdino_server/groundingdino_server.egg-info/PKG-INFO
[0.537s] writing dependency_links to ../../build/groundingdino_server/groundingdino_server.egg-info/dependency_links.txt
[0.537s] writing entry points to ../../build/groundingdino_server/groundingdino_server.egg-info/entry_points.txt
[0.537s] writing requirements to ../../build/groundingdino_server/groundingdino_server.egg-info/requires.txt
[0.537s] writing top-level names to ../../build/groundingdino_server/groundingdino_server.egg-info/top_level.txt
[0.537s] writing manifest file '../../build/groundingdino_server/groundingdino_server.egg-info/SOURCES.txt'
[0.538s] reading manifest file '../../build/groundingdino_server/groundingdino_server.egg-info/SOURCES.txt'
[0.538s] writing manifest file '../../build/groundingdino_server/groundingdino_server.egg-info/SOURCES.txt'
[0.539s] running build
[0.539s] running build_py
[0.539s] creating /home/barracuda/ros2_ws3/build/groundingdino_server/build
[0.539s] creating /home/barracuda/ros2_ws3/build/groundingdino_server/build/lib
[0.539s] creating /home/barracuda/ros2_ws3/build/groundingdino_server/build/lib/groundingdino_server
[0.539s] copying groundingdino_server/groundingdino_server.py -> /home/barracuda/ros2_ws3/build/groundingdino_server/build/lib/groundingdino_server
[0.539s] copying groundingdino_server/__init__.py -> /home/barracuda/ros2_ws3/build/groundingdino_server/build/lib/groundingdino_server
[0.539s] running install
[0.539s] running install_lib
[0.539s] creating /home/barracuda/ros2_ws3/install/groundingdino_server/lib/python3.10/site-packages/groundingdino_server
[0.539s] copying /home/barracuda/ros2_ws3/build/groundingdino_server/build/lib/groundingdino_server/groundingdino_server.py -> /home/barracuda/ros2_ws3/install/groundingdino_server/lib/python3.10/site-packages/groundingdino_server
[0.540s] copying /home/barracuda/ros2_ws3/build/groundingdino_server/build/lib/groundingdino_server/__init__.py -> /home/barracuda/ros2_ws3/install/groundingdino_server/lib/python3.10/site-packages/groundingdino_server
[0.540s] byte-compiling /home/barracuda/ros2_ws3/install/groundingdino_server/lib/python3.10/site-packages/groundingdino_server/groundingdino_server.py to groundingdino_server.cpython-310.pyc
[0.541s] byte-compiling /home/barracuda/ros2_ws3/install/groundingdino_server/lib/python3.10/site-packages/groundingdino_server/__init__.py to __init__.cpython-310.pyc
[0.541s] running install_data
[0.541s] creating /home/barracuda/ros2_ws3/install/groundingdino_server/share/ament_index
[0.542s] creating /home/barracuda/ros2_ws3/install/groundingdino_server/share/ament_index/resource_index
[0.542s] creating /home/barracuda/ros2_ws3/install/groundingdino_server/share/ament_index/resource_index/packages
[0.542s] copying resource/groundingdino_server -> /home/barracuda/ros2_ws3/install/groundingdino_server/share/ament_index/resource_index/packages
[0.542s] copying package.xml -> /home/barracuda/ros2_ws3/install/groundingdino_server/share/groundingdino_server
[0.542s] creating /home/barracuda/ros2_ws3/install/groundingdino_server/share/groundingdino_server/launch
[0.542s] copying launch/groundingdino_svccli.launch.py -> /home/barracuda/ros2_ws3/install/groundingdino_server/share/groundingdino_server/launch
[0.542s] running install_egg_info
[0.543s] Copying ../../build/groundingdino_server/groundingdino_server.egg-info to /home/barracuda/ros2_ws3/install/groundingdino_server/lib/python3.10/site-packages/groundingdino_server-0.0.0-py3.10.egg-info
[0.543s] running install_scripts
[0.554s] Installing server_executable script to /home/barracuda/ros2_ws3/install/groundingdino_server/lib/groundingdino_server
[0.554s] writing list of installed files to '/home/barracuda/ros2_ws3/build/groundingdino_server/install.log'
[0.569s] Invoked command in '/home/barracuda/ros2_ws3/src/groundingdino_server' returned '0': AMENT_PREFIX_PATH=/home/barracuda/ros2_ws3/install/groundingdino_interfaces:${AMENT_PREFIX_PATH} CMAKE_PREFIX_PATH=/home/barracuda/ros2_ws3/install/groundingdino_interfaces LD_LIBRARY_PATH=/home/barracuda/ros2_ws3/install/groundingdino_interfaces/lib:${LD_LIBRARY_PATH} PYTHONPATH=/home/barracuda/ros2_ws3/build/groundingdino_server/prefix_override:/usr/lib/python3/dist-packages/colcon_core/task/python/colcon_distutils_commands:/home/barracuda/ros2_ws3/install/groundingdino_server/lib/python3.10/site-packages:/home/barracuda/ros2_ws3/install/groundingdino_interfaces/local/lib/python3.10/dist-packages:${PYTHONPATH} /usr/bin/python3 -W ignore:setup.py install is deprecated -W ignore:easy_install command is deprecated setup.py egg_info --egg-base ../../build/groundingdino_server build --build-base /home/barracuda/ros2_ws3/build/groundingdino_server/build install --record /home/barracuda/ros2_ws3/build/groundingdino_server/install.log --single-version-externally-managed install_data
