[0.008s] Invoking command in '/home/barracuda/ros2_ws3/build/realsense2_camera': AMENT_PREFIX_PATH=/home/barracuda/ros2_ws3/install/realsense2_camera_msgs:${AMENT_PREFIX_PATH} CMAKE_PREFIX_PATH=/home/barracuda/ros2_ws3/install/realsense2_camera_msgs:/opt/ros/humble LD_LIBRARY_PATH=/home/barracuda/ros2_ws3/install/realsense2_camera_msgs/lib:${LD_LIBRARY_PATH} PYTHONPATH=/home/barracuda/ros2_ws3/install/realsense2_camera_msgs/local/lib/python3.10/dist-packages:${PYTHONPATH} /usr/bin/cmake /home/barracuda/ros2_ws3/src/realsense-ros/realsense2_camera -DCMAKE_INSTALL_PREFIX=/home/barracuda/ros2_ws3/install/realsense2_camera
[0.045s] -- The C compiler identification is GNU 11.4.0
[0.081s] -- The CXX compiler identification is GNU 11.4.0
[0.086s] -- Detecting C compiler ABI info
[0.136s] -- Detecting C compiler ABI info - done
[0.140s] -- Check for working C compiler: /usr/bin/cc - skipped
[0.140s] -- Detecting C compile features
[0.140s] -- Detecting C compile features - done
[0.142s] -- Detecting CXX compiler ABI info
[0.199s] -- Detecting CXX compiler ABI info - done
[0.203s] -- Check for working CXX compiler: /usr/bin/c++ - skipped
[0.203s] -- Detecting CXX compile features
[0.204s] -- Detecting CXX compile features - done
[0.204s] -- Create Release Build.
[0.205s] -- Found ament_cmake: 1.3.12 (/opt/ros/humble/share/ament_cmake/cmake)
[0.304s] -- Found Python3: /usr/bin/python3 (found version "3.10.12") found components: Interpreter 
[0.362s] -- Found builtin_interfaces: 1.2.2 (/opt/ros/humble/share/builtin_interfaces/cmake)
[0.383s] -- Found rosidl_generator_c: 3.1.7 (/opt/ros/humble/share/rosidl_generator_c/cmake)
[0.386s] -- Found rosidl_adapter: 3.1.7 (/opt/ros/humble/share/rosidl_adapter/cmake)
[0.391s] -- Found rosidl_generator_cpp: 3.1.7 (/opt/ros/humble/share/rosidl_generator_cpp/cmake)
[0.398s] -- Using all available rosidl_typesupport_c: rosidl_typesupport_fastrtps_c;rosidl_typesupport_introspection_c
[0.408s] -- Using all available rosidl_typesupport_cpp: rosidl_typesupport_fastrtps_cpp;rosidl_typesupport_introspection_cpp
[0.419s] -- Found cv_bridge: 3.2.1 (/opt/ros/humble/share/cv_bridge/cmake)
[0.467s] -- Found image_transport: 3.1.12 (/opt/ros/humble/share/image_transport/cmake)
[0.492s] -- Found rmw_implementation_cmake: 6.1.2 (/opt/ros/humble/share/rmw_implementation_cmake/cmake)
[0.494s] -- Found rmw_fastrtps_cpp: 6.2.9 (/opt/ros/humble/share/rmw_fastrtps_cpp/cmake)
[0.561s] -- Found OpenSSL: /usr/lib/x86_64-linux-gnu/libcrypto.so (found version "3.0.2")  
[0.579s] -- Found FastRTPS: /opt/ros/humble/include  
[0.609s] -- Using RMW implementation 'rmw_fastrtps_cpp' as default
[0.618s] -- Looking for pthread.h
[0.669s] -- Looking for pthread.h - found
[0.669s] -- Performing Test CMAKE_HAVE_LIBC_PTHREAD
[0.719s] -- Performing Test CMAKE_HAVE_LIBC_PTHREAD - Success
[0.720s] -- Found Threads: TRUE  
[0.760s] -- Found rclcpp_action: 16.0.15 (/opt/ros/humble/share/rclcpp_action/cmake)
[0.778s] -- Found rclcpp_components: 16.0.15 (/opt/ros/humble/share/rclcpp_components/cmake)
[0.787s] -- Found realsense2_camera_msgs: 4.56.4 (/home/barracuda/ros2_ws3/install/realsense2_camera_msgs/share/realsense2_camera_msgs/cmake)
[0.801s] -- Found std_srvs: 4.9.0 (/opt/ros/humble/share/std_srvs/cmake)
[0.822s] -- Found nav_msgs: 4.9.0 (/opt/ros/humble/share/nav_msgs/cmake)
[0.834s] -- Found tf2_ros: 0.25.16 (/opt/ros/humble/share/tf2_ros/cmake)
[0.854s] -- Found diagnostic_updater: 4.0.6 (/opt/ros/humble/share/diagnostic_updater/cmake)
[0.888s] -- Found OpenCV: /usr (found version "4.5.4") found components: core 
[0.889s] -- Build for ROS2 Humble
[0.892s] -- Found ament_cmake_gtest: 1.3.12 (/opt/ros/humble/share/ament_cmake_gtest/cmake)
[0.894s] -- Found gtest sources under '/opt/ros/humble/src/gtest_vendor': C++ tests using 'Google Test' will be built
[0.897s] -- Found ament_cmake_pytest: 1.3.12 (/opt/ros/humble/share/ament_cmake_pytest/cmake)
[2.613s] -- rs_device_info:
[2.613s] -- Device Name                   Serial Number       Firmware Version
[2.613s] Intel RealSense D415          211122061649        5.13.0.55
[2.613s] Intel RealSense D435I         135122075246        5.16.0.1
[2.613s] 
[2.613s] -- D455 device found
[4.079s] -- Configuring done
[4.096s] -- Generating done
[4.100s] -- Build files have been written to: /home/barracuda/ros2_ws3/build/realsense2_camera
[4.109s] Invoked command in '/home/barracuda/ros2_ws3/build/realsense2_camera' returned '0': AMENT_PREFIX_PATH=/home/barracuda/ros2_ws3/install/realsense2_camera_msgs:${AMENT_PREFIX_PATH} CMAKE_PREFIX_PATH=/home/barracuda/ros2_ws3/install/realsense2_camera_msgs:/opt/ros/humble LD_LIBRARY_PATH=/home/barracuda/ros2_ws3/install/realsense2_camera_msgs/lib:${LD_LIBRARY_PATH} PYTHONPATH=/home/barracuda/ros2_ws3/install/realsense2_camera_msgs/local/lib/python3.10/dist-packages:${PYTHONPATH} /usr/bin/cmake /home/barracuda/ros2_ws3/src/realsense-ros/realsense2_camera -DCMAKE_INSTALL_PREFIX=/home/barracuda/ros2_ws3/install/realsense2_camera
[4.110s] Invoking command in '/home/barracuda/ros2_ws3/build/realsense2_camera': AMENT_PREFIX_PATH=/home/barracuda/ros2_ws3/install/realsense2_camera_msgs:${AMENT_PREFIX_PATH} CMAKE_PREFIX_PATH=/home/barracuda/ros2_ws3/install/realsense2_camera_msgs:/opt/ros/humble LD_LIBRARY_PATH=/home/barracuda/ros2_ws3/install/realsense2_camera_msgs/lib:${LD_LIBRARY_PATH} PYTHONPATH=/home/barracuda/ros2_ws3/install/realsense2_camera_msgs/local/lib/python3.10/dist-packages:${PYTHONPATH} /usr/bin/cmake --build /home/barracuda/ros2_ws3/build/realsense2_camera -- -j48 -l48
[4.148s] [  4%] [32mBuilding CXX object gtest/CMakeFiles/gtest.dir/src/gtest-all.cc.o[0m
[4.148s] [  8%] [32mBuilding CXX object CMakeFiles/realsense2_camera.dir/src/realsense_node_factory.cpp.o[0m
[4.148s] [ 12%] [32mBuilding CXX object gtest/CMakeFiles/gtest_main.dir/src/gtest_main.cc.o[0m
[4.149s] [ 16%] [32mBuilding CXX object CMakeFiles/realsense2_camera.dir/src/base_realsense_node.cpp.o[0m
[4.149s] [ 24%] [32mBuilding CXX object CMakeFiles/realsense2_camera_node.dir/rclcpp_components/node_main_realsense2_camera_node.cpp.o[0m
[4.149s] [ 24%] [32mBuilding CXX object CMakeFiles/realsense2_camera.dir/src/parameters.cpp.o[0m
[4.149s] [ 28%] [32mBuilding CXX object CMakeFiles/realsense2_camera.dir/src/ros_sensor.cpp.o[0m
[4.150s] [ 36%] [32mBuilding CXX object CMakeFiles/realsense2_camera.dir/src/ros_utils.cpp.o[0m
[4.150s] [ 36%] [32mBuilding CXX object CMakeFiles/realsense2_camera.dir/src/rs_node_setup.cpp.o[0m
[4.150s] [ 40%] [32mBuilding CXX object CMakeFiles/realsense2_camera.dir/src/dynamic_params.cpp.o[0m
[4.150s] [ 44%] [32mBuilding CXX object CMakeFiles/realsense2_camera.dir/src/sensor_params.cpp.o[0m
[4.150s] [ 48%] [32mBuilding CXX object CMakeFiles/realsense2_camera.dir/src/named_filter.cpp.o[0m
[4.151s] [ 52%] [32mBuilding CXX object CMakeFiles/realsense2_camera.dir/src/pointcloud_filter.cpp.o[0m
[4.151s] [ 56%] [32mBuilding CXX object CMakeFiles/realsense2_camera.dir/src/align_depth_filter.cpp.o[0m
[4.153s] [ 60%] [32mBuilding CXX object CMakeFiles/realsense2_camera.dir/src/profile_manager.cpp.o[0m
[4.153s] [ 64%] [32mBuilding CXX object CMakeFiles/realsense2_camera.dir/src/image_publisher.cpp.o[0m
[4.153s] [ 72%] [32mBuilding CXX object CMakeFiles/realsense2_camera.dir/src/actions.cpp.o[0m
[4.153s] [ 72%] [32mBuilding CXX object CMakeFiles/realsense2_camera.dir/src/ros_param_backend.cpp.o[0m
[4.154s] [ 76%] [32mBuilding CXX object CMakeFiles/realsense2_camera.dir/src/tfs.cpp.o[0m
[4.587s] [ 80%] [32m[1mLinking CXX static library libgtest_main.a[0m
[4.612s] [ 80%] Built target gtest_main
[6.344s] [ 84%] [32m[1mLinking CXX executable realsense2_camera_node[0m
[6.419s] [ 84%] Built target realsense2_camera_node
[8.220s] [ 88%] [32m[1mLinking CXX static library libgtest.a[0m
[8.250s] [ 88%] Built target gtest
[8.264s] [ 92%] [32mBuilding CXX object CMakeFiles/gtest_template.dir/test/gtest_template.cpp.o[0m
[8.702s] [ 96%] [32m[1mLinking CXX executable gtest_template[0m
[8.769s] [ 96%] Built target gtest_template
[12.840s] [100%] [32m[1mLinking CXX shared library librealsense2_camera.so[0m
[13.117s] [100%] Built target realsense2_camera
[13.127s] Invoked command in '/home/barracuda/ros2_ws3/build/realsense2_camera' returned '0': AMENT_PREFIX_PATH=/home/barracuda/ros2_ws3/install/realsense2_camera_msgs:${AMENT_PREFIX_PATH} CMAKE_PREFIX_PATH=/home/barracuda/ros2_ws3/install/realsense2_camera_msgs:/opt/ros/humble LD_LIBRARY_PATH=/home/barracuda/ros2_ws3/install/realsense2_camera_msgs/lib:${LD_LIBRARY_PATH} PYTHONPATH=/home/barracuda/ros2_ws3/install/realsense2_camera_msgs/local/lib/python3.10/dist-packages:${PYTHONPATH} /usr/bin/cmake --build /home/barracuda/ros2_ws3/build/realsense2_camera -- -j48 -l48
[13.128s] Invoking command in '/home/barracuda/ros2_ws3/build/realsense2_camera': AMENT_PREFIX_PATH=/home/barracuda/ros2_ws3/install/realsense2_camera_msgs:${AMENT_PREFIX_PATH} CMAKE_PREFIX_PATH=/home/barracuda/ros2_ws3/install/realsense2_camera_msgs:/opt/ros/humble LD_LIBRARY_PATH=/home/barracuda/ros2_ws3/install/realsense2_camera_msgs/lib:${LD_LIBRARY_PATH} PYTHONPATH=/home/barracuda/ros2_ws3/install/realsense2_camera_msgs/local/lib/python3.10/dist-packages:${PYTHONPATH} /usr/bin/cmake --install /home/barracuda/ros2_ws3/build/realsense2_camera
[13.133s] -- Install configuration: "Release"
[13.133s] -- Installing: /home/barracuda/ros2_ws3/install/realsense2_camera/share/realsense2_camera/config/global_settings.yaml
[13.134s] -- Installing: /home/barracuda/ros2_ws3/install/realsense2_camera/lib/realsense2_camera/realsense2_camera_node
[13.134s] -- Set runtime path of "/home/barracuda/ros2_ws3/install/realsense2_camera/lib/realsense2_camera/realsense2_camera_node" to ""
[13.134s] -- Installing: /home/barracuda/ros2_ws3/install/realsense2_camera/lib/librealsense2_camera.so
[13.138s] -- Set runtime path of "/home/barracuda/ros2_ws3/install/realsense2_camera/lib/librealsense2_camera.so" to ""
[13.138s] -- Installing: /home/barracuda/ros2_ws3/install/realsense2_camera/include
[13.138s] -- Installing: /home/barracuda/ros2_ws3/install/realsense2_camera/include/ros_param_backend.h
[13.138s] -- Installing: /home/barracuda/ros2_ws3/install/realsense2_camera/include/gl_window.h
[13.138s] -- Installing: /home/barracuda/ros2_ws3/install/realsense2_camera/include/ros_node_base.h
[13.138s] -- Installing: /home/barracuda/ros2_ws3/install/realsense2_camera/include/ros_utils.h
[13.138s] -- Installing: /home/barracuda/ros2_ws3/install/realsense2_camera/include/pointcloud_filter.h
[13.138s] -- Installing: /home/barracuda/ros2_ws3/install/realsense2_camera/include/image_publisher.h
[13.139s] -- Installing: /home/barracuda/ros2_ws3/install/realsense2_camera/include/dynamic_params.h
[13.139s] -- Installing: /home/barracuda/ros2_ws3/install/realsense2_camera/include/base_realsense_node.h
[13.139s] -- Installing: /home/barracuda/ros2_ws3/install/realsense2_camera/include/constants.h
[13.139s] -- Installing: /home/barracuda/ros2_ws3/install/realsense2_camera/include/sensor_params.h
[13.139s] -- Installing: /home/barracuda/ros2_ws3/install/realsense2_camera/include/profile_manager.h
[13.139s] -- Installing: /home/barracuda/ros2_ws3/install/realsense2_camera/include/named_filter.h
[13.139s] -- Installing: /home/barracuda/ros2_ws3/install/realsense2_camera/include/ros_sensor.h
[13.139s] -- Installing: /home/barracuda/ros2_ws3/install/realsense2_camera/include/align_depth_filter.h
[13.139s] -- Installing: /home/barracuda/ros2_ws3/install/realsense2_camera/include/realsense_node_factory.h
[13.139s] -- Installing: /home/barracuda/ros2_ws3/install/realsense2_camera/share/realsense2_camera/launch
[13.139s] -- Installing: /home/barracuda/ros2_ws3/install/realsense2_camera/share/realsense2_camera/launch/rs_launch.py
[13.139s] -- Installing: /home/barracuda/ros2_ws3/install/realsense2_camera/share/realsense2_camera/launch/rs_intra_process_demo_launch.py
[13.140s] -- Installing: /home/barracuda/ros2_ws3/install/realsense2_camera/share/realsense2_camera/launch/default.rviz
[13.140s] -- Installing: /home/barracuda/ros2_ws3/install/realsense2_camera/share/realsense2_camera/launch/rs_multi_camera_launch_sync.py
[13.140s] -- Installing: /home/barracuda/ros2_ws3/install/realsense2_camera/share/realsense2_camera/launch/rs_multi_camera_launch.py
[13.140s] -- Installing: /home/barracuda/ros2_ws3/install/realsense2_camera/share/realsense2_camera/examples
[13.140s] -- Installing: /home/barracuda/ros2_ws3/install/realsense2_camera/share/realsense2_camera/examples/launch_from_rosbag
[13.140s] -- Installing: /home/barracuda/ros2_ws3/install/realsense2_camera/share/realsense2_camera/examples/launch_from_rosbag/rs_launch_from_rosbag.py
[13.140s] -- Installing: /home/barracuda/ros2_ws3/install/realsense2_camera/share/realsense2_camera/examples/launch_from_rosbag/README.md
[13.140s] -- Installing: /home/barracuda/ros2_ws3/install/realsense2_camera/share/realsense2_camera/examples/align_depth
[13.140s] -- Installing: /home/barracuda/ros2_ws3/install/realsense2_camera/share/realsense2_camera/examples/align_depth/rs_align_depth_launch.py
[13.140s] -- Installing: /home/barracuda/ros2_ws3/install/realsense2_camera/share/realsense2_camera/examples/align_depth/README.md
[13.140s] -- Installing: /home/barracuda/ros2_ws3/install/realsense2_camera/share/realsense2_camera/examples/pointcloud
[13.140s] -- Installing: /home/barracuda/ros2_ws3/install/realsense2_camera/share/realsense2_camera/examples/pointcloud/README.md
[13.140s] -- Installing: /home/barracuda/ros2_ws3/install/realsense2_camera/share/realsense2_camera/examples/pointcloud/rs_d405_pointcloud_launch.py
[13.141s] -- Installing: /home/barracuda/ros2_ws3/install/realsense2_camera/share/realsense2_camera/examples/pointcloud/rviz
[13.141s] -- Installing: /home/barracuda/ros2_ws3/install/realsense2_camera/share/realsense2_camera/examples/pointcloud/rviz/urdf_pointcloud.rviz
[13.141s] -- Installing: /home/barracuda/ros2_ws3/install/realsense2_camera/share/realsense2_camera/examples/pointcloud/rviz/pointcloud.rviz
[13.141s] -- Installing: /home/barracuda/ros2_ws3/install/realsense2_camera/share/realsense2_camera/examples/pointcloud/rs_pointcloud_infra_launch.py
[13.141s] -- Installing: /home/barracuda/ros2_ws3/install/realsense2_camera/share/realsense2_camera/examples/pointcloud/rs_pointcloud_launch.py
[13.141s] -- Installing: /home/barracuda/ros2_ws3/install/realsense2_camera/share/realsense2_camera/examples/pointcloud/rs_d455_pointcloud_launch.py
[13.141s] -- Installing: /home/barracuda/ros2_ws3/install/realsense2_camera/share/realsense2_camera/examples/dual_camera
[13.141s] -- Installing: /home/barracuda/ros2_ws3/install/realsense2_camera/share/realsense2_camera/examples/dual_camera/README.md
[13.141s] -- Installing: /home/barracuda/ros2_ws3/install/realsense2_camera/share/realsense2_camera/examples/dual_camera/rs_dual_camera_launch.py
[13.141s] -- Installing: /home/barracuda/ros2_ws3/install/realsense2_camera/share/realsense2_camera/examples/dual_camera/rviz
[13.141s] -- Installing: /home/barracuda/ros2_ws3/install/realsense2_camera/share/realsense2_camera/examples/dual_camera/rviz/dual_camera_pointcloud.rviz
[13.141s] -- Installing: /home/barracuda/ros2_ws3/install/realsense2_camera/share/realsense2_camera/examples/d500_tables
[13.141s] -- Installing: /home/barracuda/ros2_ws3/install/realsense2_camera/share/realsense2_camera/examples/d500_tables/calib_config_example.json
[13.141s] -- Installing: /home/barracuda/ros2_ws3/install/realsense2_camera/share/realsense2_camera/examples/launch_params_from_file
[13.141s] -- Installing: /home/barracuda/ros2_ws3/install/realsense2_camera/share/realsense2_camera/examples/launch_params_from_file/README.md
[13.142s] -- Installing: /home/barracuda/ros2_ws3/install/realsense2_camera/share/realsense2_camera/examples/launch_params_from_file/config
[13.142s] -- Installing: /home/barracuda/ros2_ws3/install/realsense2_camera/share/realsense2_camera/examples/launch_params_from_file/config/config.yaml
[13.142s] -- Installing: /home/barracuda/ros2_ws3/install/realsense2_camera/share/realsense2_camera/examples/launch_params_from_file/rs_launch_get_params_from_yaml.py
[13.142s] -- Installing: /home/barracuda/ros2_ws3/install/realsense2_camera/share/realsense2_camera/environment/library_path.sh
[13.142s] -- Installing: /home/barracuda/ros2_ws3/install/realsense2_camera/share/realsense2_camera/environment/library_path.dsv
[13.142s] -- Installing: /home/barracuda/ros2_ws3/install/realsense2_camera/share/ament_index/resource_index/package_run_dependencies/realsense2_camera
[13.142s] -- Installing: /home/barracuda/ros2_ws3/install/realsense2_camera/share/ament_index/resource_index/parent_prefix_path/realsense2_camera
[13.142s] -- Installing: /home/barracuda/ros2_ws3/install/realsense2_camera/share/realsense2_camera/environment/ament_prefix_path.sh
[13.142s] -- Installing: /home/barracuda/ros2_ws3/install/realsense2_camera/share/realsense2_camera/environment/ament_prefix_path.dsv
[13.142s] -- Installing: /home/barracuda/ros2_ws3/install/realsense2_camera/share/realsense2_camera/environment/path.sh
[13.143s] -- Installing: /home/barracuda/ros2_ws3/install/realsense2_camera/share/realsense2_camera/environment/path.dsv
[13.143s] -- Installing: /home/barracuda/ros2_ws3/install/realsense2_camera/share/realsense2_camera/local_setup.bash
[13.143s] -- Installing: /home/barracuda/ros2_ws3/install/realsense2_camera/share/realsense2_camera/local_setup.sh
[13.143s] -- Installing: /home/barracuda/ros2_ws3/install/realsense2_camera/share/realsense2_camera/local_setup.zsh
[13.143s] -- Installing: /home/barracuda/ros2_ws3/install/realsense2_camera/share/realsense2_camera/local_setup.dsv
[13.143s] -- Installing: /home/barracuda/ros2_ws3/install/realsense2_camera/share/realsense2_camera/package.dsv
[13.143s] -- Installing: /home/barracuda/ros2_ws3/install/realsense2_camera/share/ament_index/resource_index/packages/realsense2_camera
[13.143s] -- Installing: /home/barracuda/ros2_ws3/install/realsense2_camera/share/ament_index/resource_index/rclcpp_components/realsense2_camera
[13.143s] -- Installing: /home/barracuda/ros2_ws3/install/realsense2_camera/share/realsense2_camera/cmake/ament_cmake_export_include_directories-extras.cmake
[13.143s] -- Installing: /home/barracuda/ros2_ws3/install/realsense2_camera/share/realsense2_camera/cmake/ament_cmake_export_libraries-extras.cmake
[13.144s] -- Installing: /home/barracuda/ros2_ws3/install/realsense2_camera/share/realsense2_camera/cmake/ament_cmake_export_dependencies-extras.cmake
[13.144s] -- Installing: /home/barracuda/ros2_ws3/install/realsense2_camera/share/realsense2_camera/cmake/realsense2_cameraConfig.cmake
[13.144s] -- Installing: /home/barracuda/ros2_ws3/install/realsense2_camera/share/realsense2_camera/cmake/realsense2_cameraConfig-version.cmake
[13.144s] -- Installing: /home/barracuda/ros2_ws3/install/realsense2_camera/share/realsense2_camera/package.xml
[13.146s] Invoked command in '/home/barracuda/ros2_ws3/build/realsense2_camera' returned '0': AMENT_PREFIX_PATH=/home/barracuda/ros2_ws3/install/realsense2_camera_msgs:${AMENT_PREFIX_PATH} CMAKE_PREFIX_PATH=/home/barracuda/ros2_ws3/install/realsense2_camera_msgs:/opt/ros/humble LD_LIBRARY_PATH=/home/barracuda/ros2_ws3/install/realsense2_camera_msgs/lib:${LD_LIBRARY_PATH} PYTHONPATH=/home/barracuda/ros2_ws3/install/realsense2_camera_msgs/local/lib/python3.10/dist-packages:${PYTHONPATH} /usr/bin/cmake --install /home/barracuda/ros2_ws3/build/realsense2_camera
