-- The C compiler identification is GNU 11.4.0
-- The CXX compiler identification is GNU 11.4.0
-- Detecting C compiler ABI info
-- Detecting C compiler ABI info - done
-- Check for working C compiler: /usr/bin/cc - skipped
-- Detecting C compile features
-- Detecting C compile features - done
-- Detecting CXX compiler ABI info
-- Detecting CXX compiler ABI info - done
-- Check for working CXX compiler: /usr/bin/c++ - skipped
-- Detecting CXX compile features
-- Detecting CXX compile features - done
-- Found ament_cmake: 1.3.12 (/opt/ros/humble/share/ament_cmake/cmake)
-- Found Python3: /usr/bin/python3 (found version "3.10.12") found components: Interpreter 
-- Found sensor_msgs: 4.9.0 (/opt/ros/humble/share/sensor_msgs/cmake)
-- Found rosidl_generator_c: 3.1.7 (/opt/ros/humble/share/rosidl_generator_c/cmake)
-- Found rosidl_adapter: 3.1.7 (/opt/ros/humble/share/rosidl_adapter/cmake)
-- Found rosidl_generator_cpp: 3.1.7 (/opt/ros/humble/share/rosidl_generator_cpp/cmake)
-- Using all available rosidl_typesupport_c: rosidl_typesupport_fastrtps_c;rosidl_typesupport_introspection_c
-- Using all available rosidl_typesupport_cpp: rosidl_typesupport_fastrtps_cpp;rosidl_typesupport_introspection_cpp
-- Found rosidl_default_generators: 1.2.0 (/opt/ros/humble/share/rosidl_default_generators/cmake)
-- Found ament_cmake_ros: 0.10.0 (/opt/ros/humble/share/ament_cmake_ros/cmake)
-- Using all available rosidl_typesupport_c: rosidl_typesupport_fastrtps_c;rosidl_typesupport_introspection_c
-- Using all available rosidl_typesupport_cpp: rosidl_typesupport_fastrtps_cpp;rosidl_typesupport_introspection_cpp
-- Found PythonInterp: /usr/bin/python3 (found suitable version "3.10.12", minimum required is "3.6") 
-- Found python_cmake_module: 0.10.0 (/opt/ros/humble/share/python_cmake_module/cmake)
-- Found PythonLibs: /usr/lib/x86_64-linux-gnu/libpython3.10.so (found suitable version "3.10.12", minimum required is "3.5") 
-- Using PYTHON_EXECUTABLE: /usr/bin/python3
-- Using PYTHON_INCLUDE_DIRS: /usr/include/python3.10
-- Using PYTHON_LIBRARIES: /usr/lib/x86_64-linux-gnu/libpython3.10.so
-- Found PythonExtra: .so  
-- Configuring done
-- Generating done
-- Build files have been written to: /home/barracuda/ros2_ws3/build/groundingdino_interfaces
[  2%] [34m[1mGenerating C code for ROS interfaces[0m
[  4%] [34m[1mGenerating C++ code for ROS interfaces[0m
[  4%] Built target ament_cmake_python_copy_groundingdino_interfaces
running egg_info
creating groundingdino_interfaces.egg-info
writing groundingdino_interfaces.egg-info/PKG-INFO
writing dependency_links to groundingdino_interfaces.egg-info/dependency_links.txt
writing top-level names to groundingdino_interfaces.egg-info/top_level.txt
writing manifest file 'groundingdino_interfaces.egg-info/SOURCES.txt'
reading manifest file 'groundingdino_interfaces.egg-info/SOURCES.txt'
writing manifest file 'groundingdino_interfaces.egg-info/SOURCES.txt'
[  4%] Built target ament_cmake_python_build_groundingdino_interfaces_egg
[  4%] Built target groundingdino_interfaces__cpp
[ 10%] [32mBuilding C object CMakeFiles/groundingdino_interfaces__rosidl_generator_c.dir/rosidl_generator_c/groundingdino_interfaces/msg/detail/object_position__functions.c.o[0m
[ 10%] [32mBuilding C object CMakeFiles/groundingdino_interfaces__rosidl_generator_c.dir/rosidl_generator_c/groundingdino_interfaces/srv/detail/grounding_dino_predict__functions.c.o[0m
[ 10%] [34m[1mGenerating C++ type support for eProsima Fast-RTPS[0m
[ 12%] [32mBuilding C object CMakeFiles/groundingdino_interfaces__rosidl_generator_c.dir/rosidl_generator_c/groundingdino_interfaces/msg/detail/object_positions__functions.c.o[0m
[ 14%] [34m[1mGenerating C++ type support dispatch for ROS interfaces[0m
[ 17%] [34m[1mGenerating C++ introspection for ROS interfaces[0m
[ 19%] [32m[1mLinking C shared library libgroundingdino_interfaces__rosidl_generator_c.so[0m
[ 19%] Built target groundingdino_interfaces__rosidl_generator_c
[ 21%] [34m[1mGenerating C type support dispatch for ROS interfaces[0m
[ 23%] [34m[1mGenerating C introspection for ROS interfaces[0m
[ 25%] [34m[1mGenerating C type support for eProsima Fast-RTPS[0m
[ 29%] [32mBuilding CXX object CMakeFiles/groundingdino_interfaces__rosidl_typesupport_cpp.dir/rosidl_typesupport_cpp/groundingdino_interfaces/msg/object_position__type_support.cpp.o[0m
[ 29%] [32mBuilding CXX object CMakeFiles/groundingdino_interfaces__rosidl_typesupport_cpp.dir/rosidl_typesupport_cpp/groundingdino_interfaces/srv/grounding_dino_predict__type_support.cpp.o[0m
[ 31%] [32mBuilding CXX object CMakeFiles/groundingdino_interfaces__rosidl_typesupport_cpp.dir/rosidl_typesupport_cpp/groundingdino_interfaces/msg/object_positions__type_support.cpp.o[0m
[ 34%] [32mBuilding CXX object CMakeFiles/groundingdino_interfaces__rosidl_typesupport_introspection_cpp.dir/rosidl_typesupport_introspection_cpp/groundingdino_interfaces/srv/detail/grounding_dino_predict__type_support.cpp.o[0m
[ 36%] [32mBuilding CXX object CMakeFiles/groundingdino_interfaces__rosidl_typesupport_introspection_cpp.dir/rosidl_typesupport_introspection_cpp/groundingdino_interfaces/msg/detail/object_positions__type_support.cpp.o[0m
[ 38%] [32mBuilding CXX object CMakeFiles/groundingdino_interfaces__rosidl_typesupport_introspection_cpp.dir/rosidl_typesupport_introspection_cpp/groundingdino_interfaces/msg/detail/object_position__type_support.cpp.o[0m
[ 40%] [32mBuilding CXX object CMakeFiles/groundingdino_interfaces__rosidl_typesupport_fastrtps_cpp.dir/rosidl_typesupport_fastrtps_cpp/groundingdino_interfaces/srv/detail/dds_fastrtps/grounding_dino_predict__type_support.cpp.o[0m
[ 42%] [32mBuilding CXX object CMakeFiles/groundingdino_interfaces__rosidl_typesupport_fastrtps_cpp.dir/rosidl_typesupport_fastrtps_cpp/groundingdino_interfaces/msg/detail/dds_fastrtps/object_position__type_support.cpp.o[0m
[ 44%] [32mBuilding CXX object CMakeFiles/groundingdino_interfaces__rosidl_typesupport_fastrtps_cpp.dir/rosidl_typesupport_fastrtps_cpp/groundingdino_interfaces/msg/detail/dds_fastrtps/object_positions__type_support.cpp.o[0m
[ 46%] [32mBuilding CXX object CMakeFiles/groundingdino_interfaces__rosidl_typesupport_c.dir/rosidl_typesupport_c/groundingdino_interfaces/msg/object_position__type_support.cpp.o[0m
[ 48%] [32mBuilding CXX object CMakeFiles/groundingdino_interfaces__rosidl_typesupport_c.dir/rosidl_typesupport_c/groundingdino_interfaces/srv/grounding_dino_predict__type_support.cpp.o[0m
[ 51%] [32mBuilding CXX object CMakeFiles/groundingdino_interfaces__rosidl_typesupport_c.dir/rosidl_typesupport_c/groundingdino_interfaces/msg/object_positions__type_support.cpp.o[0m
[ 53%] [32m[1mLinking CXX shared library libgroundingdino_interfaces__rosidl_typesupport_c.so[0m
[ 55%] [32mBuilding C object CMakeFiles/groundingdino_interfaces__rosidl_typesupport_introspection_c.dir/rosidl_typesupport_introspection_c/groundingdino_interfaces/srv/detail/grounding_dino_predict__type_support.c.o[0m
[ 59%] [32mBuilding C object CMakeFiles/groundingdino_interfaces__rosidl_typesupport_introspection_c.dir/rosidl_typesupport_introspection_c/groundingdino_interfaces/msg/detail/object_positions__type_support.c.o[0m
[ 59%] [32mBuilding C object CMakeFiles/groundingdino_interfaces__rosidl_typesupport_introspection_c.dir/rosidl_typesupport_introspection_c/groundingdino_interfaces/msg/detail/object_position__type_support.c.o[0m
[ 61%] [32mBuilding CXX object CMakeFiles/groundingdino_interfaces__rosidl_typesupport_fastrtps_c.dir/rosidl_typesupport_fastrtps_c/groundingdino_interfaces/srv/detail/grounding_dino_predict__type_support_c.cpp.o[0m
[ 63%] [32mBuilding CXX object CMakeFiles/groundingdino_interfaces__rosidl_typesupport_fastrtps_c.dir/rosidl_typesupport_fastrtps_c/groundingdino_interfaces/msg/detail/object_position__type_support_c.cpp.o[0m
[ 65%] [32mBuilding CXX object CMakeFiles/groundingdino_interfaces__rosidl_typesupport_fastrtps_c.dir/rosidl_typesupport_fastrtps_c/groundingdino_interfaces/msg/detail/object_positions__type_support_c.cpp.o[0m
[ 65%] Built target groundingdino_interfaces__rosidl_typesupport_c
[ 68%] [32m[1mLinking C shared library libgroundingdino_interfaces__rosidl_typesupport_introspection_c.so[0m
[ 68%] Built target groundingdino_interfaces__rosidl_typesupport_introspection_c
[ 70%] [32m[1mLinking CXX shared library libgroundingdino_interfaces__rosidl_typesupport_cpp.so[0m
[ 70%] Built target groundingdino_interfaces__rosidl_typesupport_cpp
[ 72%] [32m[1mLinking CXX shared library libgroundingdino_interfaces__rosidl_typesupport_introspection_cpp.so[0m
[ 74%] [32m[1mLinking CXX shared library libgroundingdino_interfaces__rosidl_typesupport_fastrtps_cpp.so[0m
[ 76%] [32m[1mLinking CXX shared library libgroundingdino_interfaces__rosidl_typesupport_fastrtps_c.so[0m
[ 76%] Built target groundingdino_interfaces__rosidl_typesupport_introspection_cpp
[ 76%] Built target groundingdino_interfaces__rosidl_typesupport_fastrtps_cpp
[ 76%] Built target groundingdino_interfaces__rosidl_typesupport_fastrtps_c
[ 76%] Built target groundingdino_interfaces
[ 78%] [34m[1mGenerating Python code for ROS interfaces[0m
[ 78%] Built target groundingdino_interfaces__py
[ 82%] [32mBuilding C object CMakeFiles/groundingdino_interfaces__rosidl_generator_py.dir/rosidl_generator_py/groundingdino_interfaces/srv/_grounding_dino_predict_s.c.o[0m
[ 82%] [32mBuilding C object CMakeFiles/groundingdino_interfaces__rosidl_generator_py.dir/rosidl_generator_py/groundingdino_interfaces/msg/_object_positions_s.c.o[0m
[ 85%] [32mBuilding C object CMakeFiles/groundingdino_interfaces__rosidl_generator_py.dir/rosidl_generator_py/groundingdino_interfaces/msg/_object_position_s.c.o[0m
[ 87%] [32m[1mLinking C shared library rosidl_generator_py/groundingdino_interfaces/libgroundingdino_interfaces__rosidl_generator_py.so[0m
[ 87%] Built target groundingdino_interfaces__rosidl_generator_py
[ 89%] [32mBuilding C object CMakeFiles/groundingdino_interfaces__rosidl_typesupport_introspection_c__pyext.dir/rosidl_generator_py/groundingdino_interfaces/_groundingdino_interfaces_s.ep.rosidl_typesupport_introspection_c.c.o[0m
[ 91%] [32mBuilding C object CMakeFiles/groundingdino_interfaces__rosidl_typesupport_c__pyext.dir/rosidl_generator_py/groundingdino_interfaces/_groundingdino_interfaces_s.ep.rosidl_typesupport_c.c.o[0m
[ 93%] [32mBuilding C object CMakeFiles/groundingdino_interfaces__rosidl_typesupport_fastrtps_c__pyext.dir/rosidl_generator_py/groundingdino_interfaces/_groundingdino_interfaces_s.ep.rosidl_typesupport_fastrtps_c.c.o[0m
[ 95%] [32m[1mLinking C shared library rosidl_generator_py/groundingdino_interfaces/groundingdino_interfaces_s__rosidl_typesupport_c.cpython-310-x86_64-linux-gnu.so[0m
[ 97%] [32m[1mLinking C shared library rosidl_generator_py/groundingdino_interfaces/groundingdino_interfaces_s__rosidl_typesupport_fastrtps_c.cpython-310-x86_64-linux-gnu.so[0m
[100%] [32m[1mLinking C shared library rosidl_generator_py/groundingdino_interfaces/groundingdino_interfaces_s__rosidl_typesupport_introspection_c.cpython-310-x86_64-linux-gnu.so[0m
[100%] Built target groundingdino_interfaces__rosidl_typesupport_fastrtps_c__pyext
[100%] Built target groundingdino_interfaces__rosidl_typesupport_c__pyext
[100%] Built target groundingdino_interfaces__rosidl_typesupport_introspection_c__pyext
-- Install configuration: ""
-- Installing: /home/barracuda/ros2_ws3/install/groundingdino_interfaces/share/ament_index/resource_index/rosidl_interfaces/groundingdino_interfaces
-- Installing: /home/barracuda/ros2_ws3/install/groundingdino_interfaces/include/groundingdino_interfaces/groundingdino_interfaces
-- Installing: /home/barracuda/ros2_ws3/install/groundingdino_interfaces/include/groundingdino_interfaces/groundingdino_interfaces/srv
-- Installing: /home/barracuda/ros2_ws3/install/groundingdino_interfaces/include/groundingdino_interfaces/groundingdino_interfaces/srv/detail
-- Installing: /home/barracuda/ros2_ws3/install/groundingdino_interfaces/include/groundingdino_interfaces/groundingdino_interfaces/srv/detail/grounding_dino_predict__functions.h
-- Installing: /home/barracuda/ros2_ws3/install/groundingdino_interfaces/include/groundingdino_interfaces/groundingdino_interfaces/srv/detail/grounding_dino_predict__functions.c
-- Installing: /home/barracuda/ros2_ws3/install/groundingdino_interfaces/include/groundingdino_interfaces/groundingdino_interfaces/srv/detail/grounding_dino_predict__struct.h
-- Installing: /home/barracuda/ros2_ws3/install/groundingdino_interfaces/include/groundingdino_interfaces/groundingdino_interfaces/srv/detail/grounding_dino_predict__type_support.h
-- Installing: /home/barracuda/ros2_ws3/install/groundingdino_interfaces/include/groundingdino_interfaces/groundingdino_interfaces/srv/grounding_dino_predict.h
-- Installing: /home/barracuda/ros2_ws3/install/groundingdino_interfaces/include/groundingdino_interfaces/groundingdino_interfaces/msg
-- Installing: /home/barracuda/ros2_ws3/install/groundingdino_interfaces/include/groundingdino_interfaces/groundingdino_interfaces/msg/detail
-- Installing: /home/barracuda/ros2_ws3/install/groundingdino_interfaces/include/groundingdino_interfaces/groundingdino_interfaces/msg/detail/object_position__struct.h
-- Installing: /home/barracuda/ros2_ws3/install/groundingdino_interfaces/include/groundingdino_interfaces/groundingdino_interfaces/msg/detail/object_positions__functions.c
-- Installing: /home/barracuda/ros2_ws3/install/groundingdino_interfaces/include/groundingdino_interfaces/groundingdino_interfaces/msg/detail/object_position__functions.c
-- Installing: /home/barracuda/ros2_ws3/install/groundingdino_interfaces/include/groundingdino_interfaces/groundingdino_interfaces/msg/detail/object_position__functions.h
-- Installing: /home/barracuda/ros2_ws3/install/groundingdino_interfaces/include/groundingdino_interfaces/groundingdino_interfaces/msg/detail/object_positions__functions.h
-- Installing: /home/barracuda/ros2_ws3/install/groundingdino_interfaces/include/groundingdino_interfaces/groundingdino_interfaces/msg/detail/object_positions__struct.h
-- Installing: /home/barracuda/ros2_ws3/install/groundingdino_interfaces/include/groundingdino_interfaces/groundingdino_interfaces/msg/detail/object_positions__type_support.h
-- Installing: /home/barracuda/ros2_ws3/install/groundingdino_interfaces/include/groundingdino_interfaces/groundingdino_interfaces/msg/detail/object_position__type_support.h
-- Installing: /home/barracuda/ros2_ws3/install/groundingdino_interfaces/include/groundingdino_interfaces/groundingdino_interfaces/msg/object_position.h
-- Installing: /home/barracuda/ros2_ws3/install/groundingdino_interfaces/include/groundingdino_interfaces/groundingdino_interfaces/msg/object_positions.h
-- Installing: /home/barracuda/ros2_ws3/install/groundingdino_interfaces/include/groundingdino_interfaces/groundingdino_interfaces/msg/rosidl_generator_c__visibility_control.h
-- Installing: /home/barracuda/ros2_ws3/install/groundingdino_interfaces/share/groundingdino_interfaces/environment/library_path.sh
-- Installing: /home/barracuda/ros2_ws3/install/groundingdino_interfaces/share/groundingdino_interfaces/environment/library_path.dsv
-- Installing: /home/barracuda/ros2_ws3/install/groundingdino_interfaces/lib/libgroundingdino_interfaces__rosidl_generator_c.so
-- Set runtime path of "/home/barracuda/ros2_ws3/install/groundingdino_interfaces/lib/libgroundingdino_interfaces__rosidl_generator_c.so" to ""
-- Up-to-date: /home/barracuda/ros2_ws3/install/groundingdino_interfaces/include/groundingdino_interfaces/groundingdino_interfaces
-- Up-to-date: /home/barracuda/ros2_ws3/install/groundingdino_interfaces/include/groundingdino_interfaces/groundingdino_interfaces/srv
-- Up-to-date: /home/barracuda/ros2_ws3/install/groundingdino_interfaces/include/groundingdino_interfaces/groundingdino_interfaces/srv/detail
-- Installing: /home/barracuda/ros2_ws3/install/groundingdino_interfaces/include/groundingdino_interfaces/groundingdino_interfaces/srv/detail/grounding_dino_predict__rosidl_typesupport_fastrtps_c.h
-- Up-to-date: /home/barracuda/ros2_ws3/install/groundingdino_interfaces/include/groundingdino_interfaces/groundingdino_interfaces/msg
-- Installing: /home/barracuda/ros2_ws3/install/groundingdino_interfaces/include/groundingdino_interfaces/groundingdino_interfaces/msg/rosidl_typesupport_fastrtps_c__visibility_control.h
-- Up-to-date: /home/barracuda/ros2_ws3/install/groundingdino_interfaces/include/groundingdino_interfaces/groundingdino_interfaces/msg/detail
-- Installing: /home/barracuda/ros2_ws3/install/groundingdino_interfaces/include/groundingdino_interfaces/groundingdino_interfaces/msg/detail/object_positions__rosidl_typesupport_fastrtps_c.h
-- Installing: /home/barracuda/ros2_ws3/install/groundingdino_interfaces/include/groundingdino_interfaces/groundingdino_interfaces/msg/detail/object_position__rosidl_typesupport_fastrtps_c.h
-- Installing: /home/barracuda/ros2_ws3/install/groundingdino_interfaces/lib/libgroundingdino_interfaces__rosidl_typesupport_fastrtps_c.so
-- Set runtime path of "/home/barracuda/ros2_ws3/install/groundingdino_interfaces/lib/libgroundingdino_interfaces__rosidl_typesupport_fastrtps_c.so" to ""
-- Up-to-date: /home/barracuda/ros2_ws3/install/groundingdino_interfaces/include/groundingdino_interfaces/groundingdino_interfaces
-- Up-to-date: /home/barracuda/ros2_ws3/install/groundingdino_interfaces/include/groundingdino_interfaces/groundingdino_interfaces/srv
-- Up-to-date: /home/barracuda/ros2_ws3/install/groundingdino_interfaces/include/groundingdino_interfaces/groundingdino_interfaces/srv/detail
-- Installing: /home/barracuda/ros2_ws3/install/groundingdino_interfaces/include/groundingdino_interfaces/groundingdino_interfaces/srv/detail/grounding_dino_predict__builder.hpp
-- Installing: /home/barracuda/ros2_ws3/install/groundingdino_interfaces/include/groundingdino_interfaces/groundingdino_interfaces/srv/detail/grounding_dino_predict__traits.hpp
-- Installing: /home/barracuda/ros2_ws3/install/groundingdino_interfaces/include/groundingdino_interfaces/groundingdino_interfaces/srv/detail/grounding_dino_predict__struct.hpp
-- Installing: /home/barracuda/ros2_ws3/install/groundingdino_interfaces/include/groundingdino_interfaces/groundingdino_interfaces/srv/detail/grounding_dino_predict__type_support.hpp
-- Installing: /home/barracuda/ros2_ws3/install/groundingdino_interfaces/include/groundingdino_interfaces/groundingdino_interfaces/srv/grounding_dino_predict.hpp
-- Up-to-date: /home/barracuda/ros2_ws3/install/groundingdino_interfaces/include/groundingdino_interfaces/groundingdino_interfaces/msg
-- Installing: /home/barracuda/ros2_ws3/install/groundingdino_interfaces/include/groundingdino_interfaces/groundingdino_interfaces/msg/object_positions.hpp
-- Up-to-date: /home/barracuda/ros2_ws3/install/groundingdino_interfaces/include/groundingdino_interfaces/groundingdino_interfaces/msg/detail
-- Installing: /home/barracuda/ros2_ws3/install/groundingdino_interfaces/include/groundingdino_interfaces/groundingdino_interfaces/msg/detail/object_position__struct.hpp
-- Installing: /home/barracuda/ros2_ws3/install/groundingdino_interfaces/include/groundingdino_interfaces/groundingdino_interfaces/msg/detail/object_positions__traits.hpp
-- Installing: /home/barracuda/ros2_ws3/install/groundingdino_interfaces/include/groundingdino_interfaces/groundingdino_interfaces/msg/detail/object_positions__builder.hpp
-- Installing: /home/barracuda/ros2_ws3/install/groundingdino_interfaces/include/groundingdino_interfaces/groundingdino_interfaces/msg/detail/object_position__traits.hpp
-- Installing: /home/barracuda/ros2_ws3/install/groundingdino_interfaces/include/groundingdino_interfaces/groundingdino_interfaces/msg/detail/object_position__builder.hpp
-- Installing: /home/barracuda/ros2_ws3/install/groundingdino_interfaces/include/groundingdino_interfaces/groundingdino_interfaces/msg/detail/object_position__type_support.hpp
-- Installing: /home/barracuda/ros2_ws3/install/groundingdino_interfaces/include/groundingdino_interfaces/groundingdino_interfaces/msg/detail/object_positions__type_support.hpp
-- Installing: /home/barracuda/ros2_ws3/install/groundingdino_interfaces/include/groundingdino_interfaces/groundingdino_interfaces/msg/detail/object_positions__struct.hpp
-- Installing: /home/barracuda/ros2_ws3/install/groundingdino_interfaces/include/groundingdino_interfaces/groundingdino_interfaces/msg/object_position.hpp
-- Installing: /home/barracuda/ros2_ws3/install/groundingdino_interfaces/include/groundingdino_interfaces/groundingdino_interfaces/msg/rosidl_generator_cpp__visibility_control.hpp
-- Up-to-date: /home/barracuda/ros2_ws3/install/groundingdino_interfaces/include/groundingdino_interfaces/groundingdino_interfaces
-- Up-to-date: /home/barracuda/ros2_ws3/install/groundingdino_interfaces/include/groundingdino_interfaces/groundingdino_interfaces/srv
-- Up-to-date: /home/barracuda/ros2_ws3/install/groundingdino_interfaces/include/groundingdino_interfaces/groundingdino_interfaces/srv/detail
-- Installing: /home/barracuda/ros2_ws3/install/groundingdino_interfaces/include/groundingdino_interfaces/groundingdino_interfaces/srv/detail/dds_fastrtps
-- Installing: /home/barracuda/ros2_ws3/install/groundingdino_interfaces/include/groundingdino_interfaces/groundingdino_interfaces/srv/detail/grounding_dino_predict__rosidl_typesupport_fastrtps_cpp.hpp
-- Up-to-date: /home/barracuda/ros2_ws3/install/groundingdino_interfaces/include/groundingdino_interfaces/groundingdino_interfaces/msg
-- Installing: /home/barracuda/ros2_ws3/install/groundingdino_interfaces/include/groundingdino_interfaces/groundingdino_interfaces/msg/rosidl_typesupport_fastrtps_cpp__visibility_control.h
-- Up-to-date: /home/barracuda/ros2_ws3/install/groundingdino_interfaces/include/groundingdino_interfaces/groundingdino_interfaces/msg/detail
-- Installing: /home/barracuda/ros2_ws3/install/groundingdino_interfaces/include/groundingdino_interfaces/groundingdino_interfaces/msg/detail/dds_fastrtps
-- Installing: /home/barracuda/ros2_ws3/install/groundingdino_interfaces/include/groundingdino_interfaces/groundingdino_interfaces/msg/detail/object_positions__rosidl_typesupport_fastrtps_cpp.hpp
-- Installing: /home/barracuda/ros2_ws3/install/groundingdino_interfaces/include/groundingdino_interfaces/groundingdino_interfaces/msg/detail/object_position__rosidl_typesupport_fastrtps_cpp.hpp
-- Installing: /home/barracuda/ros2_ws3/install/groundingdino_interfaces/lib/libgroundingdino_interfaces__rosidl_typesupport_fastrtps_cpp.so
-- Set runtime path of "/home/barracuda/ros2_ws3/install/groundingdino_interfaces/lib/libgroundingdino_interfaces__rosidl_typesupport_fastrtps_cpp.so" to ""
-- Up-to-date: /home/barracuda/ros2_ws3/install/groundingdino_interfaces/include/groundingdino_interfaces/groundingdino_interfaces
-- Up-to-date: /home/barracuda/ros2_ws3/install/groundingdino_interfaces/include/groundingdino_interfaces/groundingdino_interfaces/srv
-- Up-to-date: /home/barracuda/ros2_ws3/install/groundingdino_interfaces/include/groundingdino_interfaces/groundingdino_interfaces/srv/detail
-- Installing: /home/barracuda/ros2_ws3/install/groundingdino_interfaces/include/groundingdino_interfaces/groundingdino_interfaces/srv/detail/grounding_dino_predict__type_support.c
-- Installing: /home/barracuda/ros2_ws3/install/groundingdino_interfaces/include/groundingdino_interfaces/groundingdino_interfaces/srv/detail/grounding_dino_predict__rosidl_typesupport_introspection_c.h
-- Up-to-date: /home/barracuda/ros2_ws3/install/groundingdino_interfaces/include/groundingdino_interfaces/groundingdino_interfaces/msg
-- Up-to-date: /home/barracuda/ros2_ws3/install/groundingdino_interfaces/include/groundingdino_interfaces/groundingdino_interfaces/msg/detail
-- Installing: /home/barracuda/ros2_ws3/install/groundingdino_interfaces/include/groundingdino_interfaces/groundingdino_interfaces/msg/detail/object_position__rosidl_typesupport_introspection_c.h
-- Installing: /home/barracuda/ros2_ws3/install/groundingdino_interfaces/include/groundingdino_interfaces/groundingdino_interfaces/msg/detail/object_positions__type_support.c
-- Installing: /home/barracuda/ros2_ws3/install/groundingdino_interfaces/include/groundingdino_interfaces/groundingdino_interfaces/msg/detail/object_position__type_support.c
-- Installing: /home/barracuda/ros2_ws3/install/groundingdino_interfaces/include/groundingdino_interfaces/groundingdino_interfaces/msg/detail/object_positions__rosidl_typesupport_introspection_c.h
-- Installing: /home/barracuda/ros2_ws3/install/groundingdino_interfaces/include/groundingdino_interfaces/groundingdino_interfaces/msg/rosidl_typesupport_introspection_c__visibility_control.h
-- Installing: /home/barracuda/ros2_ws3/install/groundingdino_interfaces/lib/libgroundingdino_interfaces__rosidl_typesupport_introspection_c.so
-- Set runtime path of "/home/barracuda/ros2_ws3/install/groundingdino_interfaces/lib/libgroundingdino_interfaces__rosidl_typesupport_introspection_c.so" to ""
-- Installing: /home/barracuda/ros2_ws3/install/groundingdino_interfaces/lib/libgroundingdino_interfaces__rosidl_typesupport_c.so
-- Set runtime path of "/home/barracuda/ros2_ws3/install/groundingdino_interfaces/lib/libgroundingdino_interfaces__rosidl_typesupport_c.so" to ""
-- Up-to-date: /home/barracuda/ros2_ws3/install/groundingdino_interfaces/include/groundingdino_interfaces/groundingdino_interfaces
-- Up-to-date: /home/barracuda/ros2_ws3/install/groundingdino_interfaces/include/groundingdino_interfaces/groundingdino_interfaces/srv
-- Up-to-date: /home/barracuda/ros2_ws3/install/groundingdino_interfaces/include/groundingdino_interfaces/groundingdino_interfaces/srv/detail
-- Installing: /home/barracuda/ros2_ws3/install/groundingdino_interfaces/include/groundingdino_interfaces/groundingdino_interfaces/srv/detail/grounding_dino_predict__rosidl_typesupport_introspection_cpp.hpp
-- Installing: /home/barracuda/ros2_ws3/install/groundingdino_interfaces/include/groundingdino_interfaces/groundingdino_interfaces/srv/detail/grounding_dino_predict__type_support.cpp
-- Up-to-date: /home/barracuda/ros2_ws3/install/groundingdino_interfaces/include/groundingdino_interfaces/groundingdino_interfaces/msg
-- Up-to-date: /home/barracuda/ros2_ws3/install/groundingdino_interfaces/include/groundingdino_interfaces/groundingdino_interfaces/msg/detail
-- Installing: /home/barracuda/ros2_ws3/install/groundingdino_interfaces/include/groundingdino_interfaces/groundingdino_interfaces/msg/detail/object_position__rosidl_typesupport_introspection_cpp.hpp
-- Installing: /home/barracuda/ros2_ws3/install/groundingdino_interfaces/include/groundingdino_interfaces/groundingdino_interfaces/msg/detail/object_positions__type_support.cpp
-- Installing: /home/barracuda/ros2_ws3/install/groundingdino_interfaces/include/groundingdino_interfaces/groundingdino_interfaces/msg/detail/object_position__type_support.cpp
-- Installing: /home/barracuda/ros2_ws3/install/groundingdino_interfaces/include/groundingdino_interfaces/groundingdino_interfaces/msg/detail/object_positions__rosidl_typesupport_introspection_cpp.hpp
-- Installing: /home/barracuda/ros2_ws3/install/groundingdino_interfaces/lib/libgroundingdino_interfaces__rosidl_typesupport_introspection_cpp.so
-- Set runtime path of "/home/barracuda/ros2_ws3/install/groundingdino_interfaces/lib/libgroundingdino_interfaces__rosidl_typesupport_introspection_cpp.so" to ""
-- Installing: /home/barracuda/ros2_ws3/install/groundingdino_interfaces/lib/libgroundingdino_interfaces__rosidl_typesupport_cpp.so
-- Set runtime path of "/home/barracuda/ros2_ws3/install/groundingdino_interfaces/lib/libgroundingdino_interfaces__rosidl_typesupport_cpp.so" to ""
-- Installing: /home/barracuda/ros2_ws3/install/groundingdino_interfaces/share/groundingdino_interfaces/environment/pythonpath.sh
-- Installing: /home/barracuda/ros2_ws3/install/groundingdino_interfaces/share/groundingdino_interfaces/environment/pythonpath.dsv
-- Installing: /home/barracuda/ros2_ws3/install/groundingdino_interfaces/local/lib/python3.10/dist-packages/groundingdino_interfaces-0.0.0-py3.10.egg-info
-- Installing: /home/barracuda/ros2_ws3/install/groundingdino_interfaces/local/lib/python3.10/dist-packages/groundingdino_interfaces-0.0.0-py3.10.egg-info/SOURCES.txt
-- Installing: /home/barracuda/ros2_ws3/install/groundingdino_interfaces/local/lib/python3.10/dist-packages/groundingdino_interfaces-0.0.0-py3.10.egg-info/PKG-INFO
-- Installing: /home/barracuda/ros2_ws3/install/groundingdino_interfaces/local/lib/python3.10/dist-packages/groundingdino_interfaces-0.0.0-py3.10.egg-info/dependency_links.txt
-- Installing: /home/barracuda/ros2_ws3/install/groundingdino_interfaces/local/lib/python3.10/dist-packages/groundingdino_interfaces-0.0.0-py3.10.egg-info/top_level.txt
-- Installing: /home/barracuda/ros2_ws3/install/groundingdino_interfaces/local/lib/python3.10/dist-packages/groundingdino_interfaces
-- Installing: /home/barracuda/ros2_ws3/install/groundingdino_interfaces/local/lib/python3.10/dist-packages/groundingdino_interfaces/_groundingdino_interfaces_s.ep.rosidl_typesupport_c.c
-- Installing: /home/barracuda/ros2_ws3/install/groundingdino_interfaces/local/lib/python3.10/dist-packages/groundingdino_interfaces/groundingdino_interfaces_s__rosidl_typesupport_introspection_c.cpython-310-x86_64-linux-gnu.so
-- Installing: /home/barracuda/ros2_ws3/install/groundingdino_interfaces/local/lib/python3.10/dist-packages/groundingdino_interfaces/srv
-- Installing: /home/barracuda/ros2_ws3/install/groundingdino_interfaces/local/lib/python3.10/dist-packages/groundingdino_interfaces/srv/_grounding_dino_predict.py
-- Installing: /home/barracuda/ros2_ws3/install/groundingdino_interfaces/local/lib/python3.10/dist-packages/groundingdino_interfaces/srv/__init__.py
-- Installing: /home/barracuda/ros2_ws3/install/groundingdino_interfaces/local/lib/python3.10/dist-packages/groundingdino_interfaces/srv/_grounding_dino_predict_s.c
-- Installing: /home/barracuda/ros2_ws3/install/groundingdino_interfaces/local/lib/python3.10/dist-packages/groundingdino_interfaces/groundingdino_interfaces_s__rosidl_typesupport_c.cpython-310-x86_64-linux-gnu.so
-- Installing: /home/barracuda/ros2_ws3/install/groundingdino_interfaces/local/lib/python3.10/dist-packages/groundingdino_interfaces/groundingdino_interfaces_s__rosidl_typesupport_fastrtps_c.cpython-310-x86_64-linux-gnu.so
-- Installing: /home/barracuda/ros2_ws3/install/groundingdino_interfaces/local/lib/python3.10/dist-packages/groundingdino_interfaces/__init__.py
-- Installing: /home/barracuda/ros2_ws3/install/groundingdino_interfaces/local/lib/python3.10/dist-packages/groundingdino_interfaces/libgroundingdino_interfaces__rosidl_generator_py.so
-- Installing: /home/barracuda/ros2_ws3/install/groundingdino_interfaces/local/lib/python3.10/dist-packages/groundingdino_interfaces/_groundingdino_interfaces_s.ep.rosidl_typesupport_introspection_c.c
-- Installing: /home/barracuda/ros2_ws3/install/groundingdino_interfaces/local/lib/python3.10/dist-packages/groundingdino_interfaces/_groundingdino_interfaces_s.ep.rosidl_typesupport_fastrtps_c.c
-- Installing: /home/barracuda/ros2_ws3/install/groundingdino_interfaces/local/lib/python3.10/dist-packages/groundingdino_interfaces/msg
-- Installing: /home/barracuda/ros2_ws3/install/groundingdino_interfaces/local/lib/python3.10/dist-packages/groundingdino_interfaces/msg/_object_positions.py
-- Installing: /home/barracuda/ros2_ws3/install/groundingdino_interfaces/local/lib/python3.10/dist-packages/groundingdino_interfaces/msg/_object_positions_s.c
-- Installing: /home/barracuda/ros2_ws3/install/groundingdino_interfaces/local/lib/python3.10/dist-packages/groundingdino_interfaces/msg/__init__.py
-- Installing: /home/barracuda/ros2_ws3/install/groundingdino_interfaces/local/lib/python3.10/dist-packages/groundingdino_interfaces/msg/_object_position_s.c
-- Installing: /home/barracuda/ros2_ws3/install/groundingdino_interfaces/local/lib/python3.10/dist-packages/groundingdino_interfaces/msg/_object_position.py
Listing '/home/barracuda/ros2_ws3/install/groundingdino_interfaces/local/lib/python3.10/dist-packages/groundingdino_interfaces'...
Compiling '/home/barracuda/ros2_ws3/install/groundingdino_interfaces/local/lib/python3.10/dist-packages/groundingdino_interfaces/__init__.py'...
Listing '/home/barracuda/ros2_ws3/install/groundingdino_interfaces/local/lib/python3.10/dist-packages/groundingdino_interfaces/msg'...
Compiling '/home/barracuda/ros2_ws3/install/groundingdino_interfaces/local/lib/python3.10/dist-packages/groundingdino_interfaces/msg/__init__.py'...
Compiling '/home/barracuda/ros2_ws3/install/groundingdino_interfaces/local/lib/python3.10/dist-packages/groundingdino_interfaces/msg/_object_position.py'...
Compiling '/home/barracuda/ros2_ws3/install/groundingdino_interfaces/local/lib/python3.10/dist-packages/groundingdino_interfaces/msg/_object_positions.py'...
Listing '/home/barracuda/ros2_ws3/install/groundingdino_interfaces/local/lib/python3.10/dist-packages/groundingdino_interfaces/srv'...
Compiling '/home/barracuda/ros2_ws3/install/groundingdino_interfaces/local/lib/python3.10/dist-packages/groundingdino_interfaces/srv/__init__.py'...
Compiling '/home/barracuda/ros2_ws3/install/groundingdino_interfaces/local/lib/python3.10/dist-packages/groundingdino_interfaces/srv/_grounding_dino_predict.py'...
-- Installing: /home/barracuda/ros2_ws3/install/groundingdino_interfaces/local/lib/python3.10/dist-packages/groundingdino_interfaces/groundingdino_interfaces_s__rosidl_typesupport_fastrtps_c.cpython-310-x86_64-linux-gnu.so
-- Set runtime path of "/home/barracuda/ros2_ws3/install/groundingdino_interfaces/local/lib/python3.10/dist-packages/groundingdino_interfaces/groundingdino_interfaces_s__rosidl_typesupport_fastrtps_c.cpython-310-x86_64-linux-gnu.so" to ""
-- Installing: /home/barracuda/ros2_ws3/install/groundingdino_interfaces/local/lib/python3.10/dist-packages/groundingdino_interfaces/groundingdino_interfaces_s__rosidl_typesupport_introspection_c.cpython-310-x86_64-linux-gnu.so
-- Set runtime path of "/home/barracuda/ros2_ws3/install/groundingdino_interfaces/local/lib/python3.10/dist-packages/groundingdino_interfaces/groundingdino_interfaces_s__rosidl_typesupport_introspection_c.cpython-310-x86_64-linux-gnu.so" to ""
-- Installing: /home/barracuda/ros2_ws3/install/groundingdino_interfaces/local/lib/python3.10/dist-packages/groundingdino_interfaces/groundingdino_interfaces_s__rosidl_typesupport_c.cpython-310-x86_64-linux-gnu.so
-- Set runtime path of "/home/barracuda/ros2_ws3/install/groundingdino_interfaces/local/lib/python3.10/dist-packages/groundingdino_interfaces/groundingdino_interfaces_s__rosidl_typesupport_c.cpython-310-x86_64-linux-gnu.so" to ""
-- Installing: /home/barracuda/ros2_ws3/install/groundingdino_interfaces/lib/libgroundingdino_interfaces__rosidl_generator_py.so
-- Set runtime path of "/home/barracuda/ros2_ws3/install/groundingdino_interfaces/lib/libgroundingdino_interfaces__rosidl_generator_py.so" to ""
-- Installing: /home/barracuda/ros2_ws3/install/groundingdino_interfaces/share/groundingdino_interfaces/srv/GroundingDinoPredict.idl
-- Installing: /home/barracuda/ros2_ws3/install/groundingdino_interfaces/share/groundingdino_interfaces/msg/ObjectPosition.idl
-- Installing: /home/barracuda/ros2_ws3/install/groundingdino_interfaces/share/groundingdino_interfaces/msg/ObjectPositions.idl
-- Installing: /home/barracuda/ros2_ws3/install/groundingdino_interfaces/share/groundingdino_interfaces/srv/GroundingDinoPredict.srv
-- Installing: /home/barracuda/ros2_ws3/install/groundingdino_interfaces/share/groundingdino_interfaces/srv/GroundingDinoPredict_Request.msg
-- Installing: /home/barracuda/ros2_ws3/install/groundingdino_interfaces/share/groundingdino_interfaces/srv/GroundingDinoPredict_Response.msg
-- Installing: /home/barracuda/ros2_ws3/install/groundingdino_interfaces/share/groundingdino_interfaces/msg/ObjectPosition.msg
-- Installing: /home/barracuda/ros2_ws3/install/groundingdino_interfaces/share/groundingdino_interfaces/msg/ObjectPositions.msg
-- Installing: /home/barracuda/ros2_ws3/install/groundingdino_interfaces/share/ament_index/resource_index/package_run_dependencies/groundingdino_interfaces
-- Installing: /home/barracuda/ros2_ws3/install/groundingdino_interfaces/share/ament_index/resource_index/parent_prefix_path/groundingdino_interfaces
-- Installing: /home/barracuda/ros2_ws3/install/groundingdino_interfaces/share/groundingdino_interfaces/environment/ament_prefix_path.sh
-- Installing: /home/barracuda/ros2_ws3/install/groundingdino_interfaces/share/groundingdino_interfaces/environment/ament_prefix_path.dsv
-- Installing: /home/barracuda/ros2_ws3/install/groundingdino_interfaces/share/groundingdino_interfaces/environment/path.sh
-- Installing: /home/barracuda/ros2_ws3/install/groundingdino_interfaces/share/groundingdino_interfaces/environment/path.dsv
-- Installing: /home/barracuda/ros2_ws3/install/groundingdino_interfaces/share/groundingdino_interfaces/local_setup.bash
-- Installing: /home/barracuda/ros2_ws3/install/groundingdino_interfaces/share/groundingdino_interfaces/local_setup.sh
-- Installing: /home/barracuda/ros2_ws3/install/groundingdino_interfaces/share/groundingdino_interfaces/local_setup.zsh
-- Installing: /home/barracuda/ros2_ws3/install/groundingdino_interfaces/share/groundingdino_interfaces/local_setup.dsv
-- Installing: /home/barracuda/ros2_ws3/install/groundingdino_interfaces/share/groundingdino_interfaces/package.dsv
-- Installing: /home/barracuda/ros2_ws3/install/groundingdino_interfaces/share/ament_index/resource_index/packages/groundingdino_interfaces
-- Installing: /home/barracuda/ros2_ws3/install/groundingdino_interfaces/share/groundingdino_interfaces/cmake/export_groundingdino_interfaces__rosidl_generator_cExport.cmake
-- Installing: /home/barracuda/ros2_ws3/install/groundingdino_interfaces/share/groundingdino_interfaces/cmake/export_groundingdino_interfaces__rosidl_generator_cExport-noconfig.cmake
-- Installing: /home/barracuda/ros2_ws3/install/groundingdino_interfaces/share/groundingdino_interfaces/cmake/export_groundingdino_interfaces__rosidl_typesupport_fastrtps_cExport.cmake
-- Installing: /home/barracuda/ros2_ws3/install/groundingdino_interfaces/share/groundingdino_interfaces/cmake/export_groundingdino_interfaces__rosidl_typesupport_fastrtps_cExport-noconfig.cmake
-- Installing: /home/barracuda/ros2_ws3/install/groundingdino_interfaces/share/groundingdino_interfaces/cmake/export_groundingdino_interfaces__rosidl_generator_cppExport.cmake
-- Installing: /home/barracuda/ros2_ws3/install/groundingdino_interfaces/share/groundingdino_interfaces/cmake/export_groundingdino_interfaces__rosidl_typesupport_fastrtps_cppExport.cmake
-- Installing: /home/barracuda/ros2_ws3/install/groundingdino_interfaces/share/groundingdino_interfaces/cmake/export_groundingdino_interfaces__rosidl_typesupport_fastrtps_cppExport-noconfig.cmake
-- Installing: /home/barracuda/ros2_ws3/install/groundingdino_interfaces/share/groundingdino_interfaces/cmake/groundingdino_interfaces__rosidl_typesupport_introspection_cExport.cmake
-- Installing: /home/barracuda/ros2_ws3/install/groundingdino_interfaces/share/groundingdino_interfaces/cmake/groundingdino_interfaces__rosidl_typesupport_introspection_cExport-noconfig.cmake
-- Installing: /home/barracuda/ros2_ws3/install/groundingdino_interfaces/share/groundingdino_interfaces/cmake/groundingdino_interfaces__rosidl_typesupport_cExport.cmake
-- Installing: /home/barracuda/ros2_ws3/install/groundingdino_interfaces/share/groundingdino_interfaces/cmake/groundingdino_interfaces__rosidl_typesupport_cExport-noconfig.cmake
-- Installing: /home/barracuda/ros2_ws3/install/groundingdino_interfaces/share/groundingdino_interfaces/cmake/groundingdino_interfaces__rosidl_typesupport_introspection_cppExport.cmake
-- Installing: /home/barracuda/ros2_ws3/install/groundingdino_interfaces/share/groundingdino_interfaces/cmake/groundingdino_interfaces__rosidl_typesupport_introspection_cppExport-noconfig.cmake
-- Installing: /home/barracuda/ros2_ws3/install/groundingdino_interfaces/share/groundingdino_interfaces/cmake/groundingdino_interfaces__rosidl_typesupport_cppExport.cmake
-- Installing: /home/barracuda/ros2_ws3/install/groundingdino_interfaces/share/groundingdino_interfaces/cmake/groundingdino_interfaces__rosidl_typesupport_cppExport-noconfig.cmake
-- Installing: /home/barracuda/ros2_ws3/install/groundingdino_interfaces/share/groundingdino_interfaces/cmake/export_groundingdino_interfaces__rosidl_generator_pyExport.cmake
-- Installing: /home/barracuda/ros2_ws3/install/groundingdino_interfaces/share/groundingdino_interfaces/cmake/export_groundingdino_interfaces__rosidl_generator_pyExport-noconfig.cmake
-- Installing: /home/barracuda/ros2_ws3/install/groundingdino_interfaces/share/groundingdino_interfaces/cmake/rosidl_cmake-extras.cmake
-- Installing: /home/barracuda/ros2_ws3/install/groundingdino_interfaces/share/groundingdino_interfaces/cmake/ament_cmake_export_dependencies-extras.cmake
-- Installing: /home/barracuda/ros2_ws3/install/groundingdino_interfaces/share/groundingdino_interfaces/cmake/ament_cmake_export_include_directories-extras.cmake
-- Installing: /home/barracuda/ros2_ws3/install/groundingdino_interfaces/share/groundingdino_interfaces/cmake/ament_cmake_export_libraries-extras.cmake
-- Installing: /home/barracuda/ros2_ws3/install/groundingdino_interfaces/share/groundingdino_interfaces/cmake/ament_cmake_export_targets-extras.cmake
-- Installing: /home/barracuda/ros2_ws3/install/groundingdino_interfaces/share/groundingdino_interfaces/cmake/rosidl_cmake_export_typesupport_targets-extras.cmake
-- Installing: /home/barracuda/ros2_ws3/install/groundingdino_interfaces/share/groundingdino_interfaces/cmake/rosidl_cmake_export_typesupport_libraries-extras.cmake
-- Installing: /home/barracuda/ros2_ws3/install/groundingdino_interfaces/share/groundingdino_interfaces/cmake/groundingdino_interfacesConfig.cmake
-- Installing: /home/barracuda/ros2_ws3/install/groundingdino_interfaces/share/groundingdino_interfaces/cmake/groundingdino_interfacesConfig-version.cmake
-- Installing: /home/barracuda/ros2_ws3/install/groundingdino_interfaces/share/groundingdino_interfaces/package.xml
