[0.007s] Invoking command in '/home/barracuda/ros2_ws3/build/realsense2_description': AMENT_PREFIX_PATH=/home/barracuda/ros2_ws3/install/realsense2_camera_msgs:${AMENT_PREFIX_PATH} CMAKE_PREFIX_PATH=/home/barracuda/ros2_ws3/install/realsense2_camera_msgs:/opt/ros/humble LD_LIBRARY_PATH=/home/barracuda/ros2_ws3/install/realsense2_camera_msgs/lib:${LD_LIBRARY_PATH} PYTHONPATH=/home/barracuda/ros2_ws3/install/realsense2_camera_msgs/local/lib/python3.10/dist-packages:${PYTHONPATH} /usr/bin/cmake /home/barracuda/ros2_ws3/src/realsense-ros/realsense2_description -DCMAKE_INSTALL_PREFIX=/home/barracuda/ros2_ws3/install/realsense2_description
[0.044s] -- The C compiler identification is GNU 11.4.0
[0.080s] -- The CXX compiler identification is GNU 11.4.0
[0.085s] -- Detecting C compiler ABI info
[0.134s] -- Detecting C compiler ABI info - done
[0.138s] -- Check for working C compiler: /usr/bin/cc - skipped
[0.138s] -- Detecting C compile features
[0.138s] -- Detecting C compile features - done
[0.140s] -- Detecting CXX compiler ABI info
[0.197s] -- Detecting CXX compiler ABI info - done
[0.201s] -- Check for working CXX compiler: /usr/bin/c++ - skipped
[0.201s] -- Detecting CXX compile features
[0.202s] -- Detecting CXX compile features - done
[0.203s] -- Found ament_cmake: 1.3.12 (/opt/ros/humble/share/ament_cmake/cmake)
[0.303s] -- Found Python3: /usr/bin/python3 (found version "3.10.12") found components: Interpreter 
[0.396s] -- Configuring done
[0.397s] -- Generating done
[0.398s] -- Build files have been written to: /home/barracuda/ros2_ws3/build/realsense2_description
[0.402s] Invoked command in '/home/barracuda/ros2_ws3/build/realsense2_description' returned '0': AMENT_PREFIX_PATH=/home/barracuda/ros2_ws3/install/realsense2_camera_msgs:${AMENT_PREFIX_PATH} CMAKE_PREFIX_PATH=/home/barracuda/ros2_ws3/install/realsense2_camera_msgs:/opt/ros/humble LD_LIBRARY_PATH=/home/barracuda/ros2_ws3/install/realsense2_camera_msgs/lib:${LD_LIBRARY_PATH} PYTHONPATH=/home/barracuda/ros2_ws3/install/realsense2_camera_msgs/local/lib/python3.10/dist-packages:${PYTHONPATH} /usr/bin/cmake /home/barracuda/ros2_ws3/src/realsense-ros/realsense2_description -DCMAKE_INSTALL_PREFIX=/home/barracuda/ros2_ws3/install/realsense2_description
[0.404s] Invoking command in '/home/barracuda/ros2_ws3/build/realsense2_description': AMENT_PREFIX_PATH=/home/barracuda/ros2_ws3/install/realsense2_camera_msgs:${AMENT_PREFIX_PATH} CMAKE_PREFIX_PATH=/home/barracuda/ros2_ws3/install/realsense2_camera_msgs:/opt/ros/humble LD_LIBRARY_PATH=/home/barracuda/ros2_ws3/install/realsense2_camera_msgs/lib:${LD_LIBRARY_PATH} PYTHONPATH=/home/barracuda/ros2_ws3/install/realsense2_camera_msgs/local/lib/python3.10/dist-packages:${PYTHONPATH} /usr/bin/cmake --build /home/barracuda/ros2_ws3/build/realsense2_description -- -j48 -l48
[0.430s] Invoked command in '/home/barracuda/ros2_ws3/build/realsense2_description' returned '0': AMENT_PREFIX_PATH=/home/barracuda/ros2_ws3/install/realsense2_camera_msgs:${AMENT_PREFIX_PATH} CMAKE_PREFIX_PATH=/home/barracuda/ros2_ws3/install/realsense2_camera_msgs:/opt/ros/humble LD_LIBRARY_PATH=/home/barracuda/ros2_ws3/install/realsense2_camera_msgs/lib:${LD_LIBRARY_PATH} PYTHONPATH=/home/barracuda/ros2_ws3/install/realsense2_camera_msgs/local/lib/python3.10/dist-packages:${PYTHONPATH} /usr/bin/cmake --build /home/barracuda/ros2_ws3/build/realsense2_description -- -j48 -l48
[0.432s] Invoking command in '/home/barracuda/ros2_ws3/build/realsense2_description': AMENT_PREFIX_PATH=/home/barracuda/ros2_ws3/install/realsense2_camera_msgs:${AMENT_PREFIX_PATH} CMAKE_PREFIX_PATH=/home/barracuda/ros2_ws3/install/realsense2_camera_msgs:/opt/ros/humble LD_LIBRARY_PATH=/home/barracuda/ros2_ws3/install/realsense2_camera_msgs/lib:${LD_LIBRARY_PATH} PYTHONPATH=/home/barracuda/ros2_ws3/install/realsense2_camera_msgs/local/lib/python3.10/dist-packages:${PYTHONPATH} /usr/bin/cmake --install /home/barracuda/ros2_ws3/build/realsense2_description
[0.436s] -- Install configuration: ""
[0.436s] -- Installing: /home/barracuda/ros2_ws3/install/realsense2_description/share/realsense2_description/launch
[0.436s] -- Installing: /home/barracuda/ros2_ws3/install/realsense2_description/share/realsense2_description/launch/view_model.launch.py
[0.436s] -- Installing: /home/barracuda/ros2_ws3/install/realsense2_description/share/realsense2_description/launch/launch_utils.py
[0.436s] -- Installing: /home/barracuda/ros2_ws3/install/realsense2_description/share/realsense2_description/meshes
[0.436s] -- Installing: /home/barracuda/ros2_ws3/install/realsense2_description/share/realsense2_description/meshes/l515.dae
[0.465s] -- Installing: /home/barracuda/ros2_ws3/install/realsense2_description/share/realsense2_description/meshes/d415.stl
[0.483s] -- Installing: /home/barracuda/ros2_ws3/install/realsense2_description/share/realsense2_description/meshes/d405.stl
[0.483s] -- Installing: /home/barracuda/ros2_ws3/install/realsense2_description/share/realsense2_description/meshes/d455.stl
[0.485s] -- Installing: /home/barracuda/ros2_ws3/install/realsense2_description/share/realsense2_description/meshes/d435.dae
[0.498s] -- Installing: /home/barracuda/ros2_ws3/install/realsense2_description/share/realsense2_description/meshes/plug_collision.stl
[0.498s] -- Installing: /home/barracuda/ros2_ws3/install/realsense2_description/share/realsense2_description/meshes/plug.stl
[0.498s] -- Installing: /home/barracuda/ros2_ws3/install/realsense2_description/share/realsense2_description/rviz
[0.498s] -- Installing: /home/barracuda/ros2_ws3/install/realsense2_description/share/realsense2_description/rviz/urdf.rviz
[0.498s] -- Installing: /home/barracuda/ros2_ws3/install/realsense2_description/share/realsense2_description/urdf
[0.498s] -- Installing: /home/barracuda/ros2_ws3/install/realsense2_description/share/realsense2_description/urdf/_r430.urdf.xacro
[0.498s] -- Installing: /home/barracuda/ros2_ws3/install/realsense2_description/share/realsense2_description/urdf/_r410.urdf.xacro
[0.499s] -- Installing: /home/barracuda/ros2_ws3/install/realsense2_description/share/realsense2_description/urdf/_d435.urdf.xacro
[0.499s] -- Installing: /home/barracuda/ros2_ws3/install/realsense2_description/share/realsense2_description/urdf/test_d415_camera.urdf.xacro
[0.499s] -- Installing: /home/barracuda/ros2_ws3/install/realsense2_description/share/realsense2_description/urdf/test_d435_multiple_cameras.urdf.xacro
[0.499s] -- Installing: /home/barracuda/ros2_ws3/install/realsense2_description/share/realsense2_description/urdf/_d455.urdf.xacro
[0.499s] -- Installing: /home/barracuda/ros2_ws3/install/realsense2_description/share/realsense2_description/urdf/_d435i_imu_modules.urdf.xacro
[0.499s] -- Installing: /home/barracuda/ros2_ws3/install/realsense2_description/share/realsense2_description/urdf/test_d405_camera.urdf.xacro
[0.499s] -- Installing: /home/barracuda/ros2_ws3/install/realsense2_description/share/realsense2_description/urdf/test_d455_camera.urdf.xacro
[0.499s] -- Installing: /home/barracuda/ros2_ws3/install/realsense2_description/share/realsense2_description/urdf/test_r410_camera.urdf.xacro
[0.499s] -- Installing: /home/barracuda/ros2_ws3/install/realsense2_description/share/realsense2_description/urdf/test_r430_camera.urdf.xacro
[0.499s] -- Installing: /home/barracuda/ros2_ws3/install/realsense2_description/share/realsense2_description/urdf/test_d435_camera.urdf.xacro
[0.499s] -- Installing: /home/barracuda/ros2_ws3/install/realsense2_description/share/realsense2_description/urdf/test_d435i_camera.urdf.xacro
[0.499s] -- Installing: /home/barracuda/ros2_ws3/install/realsense2_description/share/realsense2_description/urdf/_d405.urdf.xacro
[0.499s] -- Installing: /home/barracuda/ros2_ws3/install/realsense2_description/share/realsense2_description/urdf/_usb_plug.urdf.xacro
[0.499s] -- Installing: /home/barracuda/ros2_ws3/install/realsense2_description/share/realsense2_description/urdf/_d415.urdf.xacro
[0.499s] -- Installing: /home/barracuda/ros2_ws3/install/realsense2_description/share/realsense2_description/urdf/_d435i.urdf.xacro
[0.500s] -- Installing: /home/barracuda/ros2_ws3/install/realsense2_description/share/realsense2_description/urdf/_materials.urdf.xacro
[0.500s] -- Installing: /home/barracuda/ros2_ws3/install/realsense2_description/share/ament_index/resource_index/package_run_dependencies/realsense2_description
[0.500s] -- Installing: /home/barracuda/ros2_ws3/install/realsense2_description/share/ament_index/resource_index/parent_prefix_path/realsense2_description
[0.500s] -- Installing: /home/barracuda/ros2_ws3/install/realsense2_description/share/realsense2_description/environment/ament_prefix_path.sh
[0.500s] -- Installing: /home/barracuda/ros2_ws3/install/realsense2_description/share/realsense2_description/environment/ament_prefix_path.dsv
[0.500s] -- Installing: /home/barracuda/ros2_ws3/install/realsense2_description/share/realsense2_description/environment/path.sh
[0.500s] -- Installing: /home/barracuda/ros2_ws3/install/realsense2_description/share/realsense2_description/environment/path.dsv
[0.500s] -- Installing: /home/barracuda/ros2_ws3/install/realsense2_description/share/realsense2_description/local_setup.bash
[0.500s] -- Installing: /home/barracuda/ros2_ws3/install/realsense2_description/share/realsense2_description/local_setup.sh
[0.500s] -- Installing: /home/barracuda/ros2_ws3/install/realsense2_description/share/realsense2_description/local_setup.zsh
[0.501s] -- Installing: /home/barracuda/ros2_ws3/install/realsense2_description/share/realsense2_description/local_setup.dsv
[0.501s] -- Installing: /home/barracuda/ros2_ws3/install/realsense2_description/share/realsense2_description/package.dsv
[0.501s] -- Installing: /home/barracuda/ros2_ws3/install/realsense2_description/share/ament_index/resource_index/packages/realsense2_description
[0.501s] -- Installing: /home/barracuda/ros2_ws3/install/realsense2_description/share/realsense2_description/cmake/realsense2_descriptionConfig.cmake
[0.501s] -- Installing: /home/barracuda/ros2_ws3/install/realsense2_description/share/realsense2_description/cmake/realsense2_descriptionConfig-version.cmake
[0.501s] -- Installing: /home/barracuda/ros2_ws3/install/realsense2_description/share/realsense2_description/package.xml
[0.503s] Invoked command in '/home/barracuda/ros2_ws3/build/realsense2_description' returned '0': AMENT_PREFIX_PATH=/home/barracuda/ros2_ws3/install/realsense2_camera_msgs:${AMENT_PREFIX_PATH} CMAKE_PREFIX_PATH=/home/barracuda/ros2_ws3/install/realsense2_camera_msgs:/opt/ros/humble LD_LIBRARY_PATH=/home/barracuda/ros2_ws3/install/realsense2_camera_msgs/lib:${LD_LIBRARY_PATH} PYTHONPATH=/home/barracuda/ros2_ws3/install/realsense2_camera_msgs/local/lib/python3.10/dist-packages:${PYTHONPATH} /usr/bin/cmake --install /home/barracuda/ros2_ws3/build/realsense2_description
